Unity Editor version:    2020.3.19f1 (68f137dc9bbe)
Branch:                  2020.3/staging
Build type:              Release
Batch mode:              YES
macOS version:           Version 11.6 (Build 20G165)
Darwin version:          20.6.0
Architecture:            x86_64
Running under Rosetta:   NO
Available memory:        32768 MB
Using pre-set license
Pro License: NO

COMMAND LINE ARGUMENTS:
/Applications/2020.3.19f1/Unity.app/Contents/MacOS/Unity
-adb2
-batchMode
-noUpm
-name
AssetImportWorker0
-projectPath
/Users/Andrii_Koval1/Documents/study/multimedia/coursework/Cube
-logFile
Logs/AssetImportWorker0.log
-srvPort
60175
Successfully changed project path to: /Users/Andrii_Koval1/Documents/study/multimedia/coursework/Cube
/Users/Andrii_Koval1/Documents/study/multimedia/coursework/Cube
Using Asset Import Pipeline V2.
Refreshing native plugins compatible for Editor in 31.70 ms, found 2 plugins.
Preloading 0 native plugins for Editor in 0.00 ms.
Initialize engine version: 2020.3.19f1 (68f137dc9bbe)
[Subsystems] Discovering subsystems at path /Applications/2020.3.19f1/Unity.app/Contents/Resources/UnitySubsystems
[Subsystems] Discovering subsystems at path /Users/Andrii_Koval1/Documents/study/multimedia/coursework/Cube/Assets
GfxDevice: creating device client; threaded=0
2021-10-17 10:28:09.493 Unity[74869:1392621] Color LCD preferred device: AMD Radeon Pro 560X (high power)
2021-10-17 10:28:09.493 Unity[74869:1392621] Metal devices available: 2
2021-10-17 10:28:09.493 Unity[74869:1392621] 0: AMD Radeon Pro 560X (high power)
2021-10-17 10:28:09.494 Unity[74869:1392621] 1: Intel(R) UHD Graphics 630 (low power)
2021-10-17 10:28:09.494 Unity[74869:1392621] Using device AMD Radeon Pro 560X (high power)
Initializing Metal device caps: AMD Radeon Pro 560X
Initialize mono
Mono path[0] = '/Applications/2020.3.19f1/Unity.app/Contents/Managed'
Mono path[1] = '/Applications/2020.3.19f1/Unity.app/Contents/MonoBleedingEdge/lib/mono/unityjit'
Mono config path = '/Applications/2020.3.19f1/Unity.app/Contents/MonoBleedingEdge/etc'
Using monoOptions --debugger-agent=transport=dt_socket,embedding=1,server=y,suspend=n,address=127.0.0.1:56869
Begin MonoManager ReloadAssembly
Registering precompiled unity dll's ...
Register platform support module: /Applications/2020.3.19f1/PlaybackEngines/WebGLSupport/UnityEditor.WebGL.Extensions.dll
Register platform support module: /Applications/2020.3.19f1/Unity.app/Contents/PlaybackEngines/MacStandaloneSupport/UnityEditor.OSXStandalone.Extensions.dll
Registered in 0.001403 seconds.
Native extension for OSXStandalone target not found
Native extension for WebGL target not found
Refreshing native plugins compatible for Editor in 26.99 ms, found 2 plugins.
Preloading 0 native plugins for Editor in 0.00 ms.
Mono: successfully reloaded assembly
- Completed reload, in  5.282 seconds
Domain Reload Profiling:
	ReloadAssembly (5282ms)
		BeginReloadAssembly (75ms)
			ExecutionOrderSort (0ms)
			DisableScriptedObjects (0ms)
			BackupInstance (0ms)
			ReleaseScriptingObjects (0ms)
			CreateAndSetChildDomain (1ms)
		EndReloadAssembly (487ms)
			LoadAssemblies (76ms)
			RebuildTransferFunctionScriptingTraits (0ms)
			SetupTypeCache (212ms)
			ReleaseScriptCaches (0ms)
			RebuildScriptCaches (42ms)
			SetupLoadedEditorAssemblies (170ms)
				LogAssemblyErrors (0ms)
				InitializePlatformSupportModulesInManaged (5ms)
				SetLoadedEditorAssemblies (0ms)
				RefreshPlugins (27ms)
				BeforeProcessingInitializeOnLoad (10ms)
				ProcessInitializeOnLoadAttributes (97ms)
				ProcessInitializeOnLoadMethodAttributes (30ms)
				AfterProcessingInitializeOnLoad (0ms)
				EditorAssembliesLoaded (0ms)
			ExecutionOrderSort2 (0ms)
			AwakeInstancesAfterBackupRestoration (0ms)
Platform modules already initialized, skipping
Registering precompiled user dll's ...
Registered in 0.002564 seconds.
Begin MonoManager ReloadAssembly
Native extension for OSXStandalone target not found
Native extension for WebGL target not found
Refreshing native plugins compatible for Editor in 0.27 ms, found 2 plugins.
Preloading 0 native plugins for Editor in 0.00 ms.
Mono: successfully reloaded assembly
- Completed reload, in  1.102 seconds
Domain Reload Profiling:
	ReloadAssembly (1103ms)
		BeginReloadAssembly (191ms)
			ExecutionOrderSort (0ms)
			DisableScriptedObjects (5ms)
			BackupInstance (0ms)
			ReleaseScriptingObjects (0ms)
			CreateAndSetChildDomain (34ms)
		EndReloadAssembly (844ms)
			LoadAssemblies (95ms)
			RebuildTransferFunctionScriptingTraits (0ms)
			SetupTypeCache (314ms)
			ReleaseScriptCaches (0ms)
			RebuildScriptCaches (48ms)
			SetupLoadedEditorAssemblies (293ms)
				LogAssemblyErrors (0ms)
				InitializePlatformSupportModulesInManaged (6ms)
				SetLoadedEditorAssemblies (0ms)
				RefreshPlugins (0ms)
				BeforeProcessingInitializeOnLoad (64ms)
				ProcessInitializeOnLoadAttributes (218ms)
				ProcessInitializeOnLoadMethodAttributes (3ms)
				AfterProcessingInitializeOnLoad (1ms)
				EditorAssembliesLoaded (0ms)
			ExecutionOrderSort2 (0ms)
			AwakeInstancesAfterBackupRestoration (7ms)
Platform modules already initialized, skipping
Validating Project structure ... 0.000346 seconds.
Shader import version has changed; will reimport all shaders...
Upgrading shader files ...0.000502 seconds.
Application.AssetDatabase Initial Script Refresh Start
RefreshInfo: InitialScriptRefreshV2(NoUpdateAssetOptions) scanfilter:  ... 1 filters
RefreshProfiler: Total: 0.000ms
Application.AssetDatabase Initial Script Refresh End
Application.AssetDatabase.Refresh Start
Application.AssetDatabase.Refresh End
RefreshInfo: StopAssetImportingV2(ForceSynchronousImport) scanfilter: 
RefreshProfiler: Total: 0.000ms
Launching external process: /Applications/2020.3.19f1/Unity.app/Contents/Tools/UnityShaderCompiler
Launched and connected shader compiler UnityShaderCompiler after 0.07 seconds
Initializing Unity extensions:
========================================================================
Worker process is ready to serve import requests
Refreshing native plugins compatible for Editor in 0.27 ms, found 2 plugins.
Preloading 0 native plugins for Editor in 0.00 ms.
Unloading 1399 Unused Serialized files (Serialized files now loaded: 0)
System memory in use before: 160.7 MB.
System memory in use after: 159.9 MB.

Unloading 77 unused Assets to reduce memory usage. Loaded Objects now: 1872.
Total: 3.179382 ms (FindLiveObjects: 0.138023 ms CreateObjectMapping: 0.041554 ms MarkObjects: 2.513777 ms  DeleteObjects: 0.485257 ms)

AssetImportParameters requested are different than current active one (requested -> active):
  custom:video-decoder-ogg-theora: a1e56fd34408186e4bbccfd4996cb3dc -> 
  custom:container-muxer-webm: aa71ff27fc2769a1b78a27578f13a17b -> 
  custom:container-demuxer-webm: 4f35f7cbe854078d1ac9338744f61a02 -> 
  custom:container-demuxer-ogg: 62fdf1f143b41e24485cea50d1cbac27 -> 
  custom:video-encoder-webm-vp8: eb34c28f22e8b96e1ab97ce403110664 -> 
  custom:framework-osx-AVFoundation: e770b220cccbd017edd2c1fefb359320 -> 
  custom:video-decoder-webm-vp8: 9c59270c3fd7afecdb556c50c9e8de78 -> 
  custom:audio-decoder-ogg-vorbis: bf7c407c2cedff20999df2af8eb42d56 -> 
  custom:audio-encoder-webm-vorbis: bf7c407c2cedff20999df2af8eb42d56 -> 
========================================================================
Received Import Request.
  path: Assets/Scenes
  artifactKey: Guid(e267acc814684465085275d1a8b88193) Importer(815301076,1909f56bfc062723c751e8b465ee728b)
Start importing Assets/Scenes using Guid(e267acc814684465085275d1a8b88193) Importer(815301076,1909f56bfc062723c751e8b465ee728b)  -> (artifact id: '19626606b0698dac4fde466998ec7279') in 0.003720 seconds 
  Import took 0.007166 seconds .

========================================================================
Received Import Request.
  Time since last request: 0.000311 seconds.
  path: Assets/Scenes/SampleScene.unity
  artifactKey: Guid(9fc0d4010bbf28b4594072e72b8655ab) Importer(815301076,1909f56bfc062723c751e8b465ee728b)
Start importing Assets/Scenes/SampleScene.unity using Guid(9fc0d4010bbf28b4594072e72b8655ab) Importer(815301076,1909f56bfc062723c751e8b465ee728b)  -> (artifact id: '85059f4f9e1a832ed95adaa0d25c5c4c') in 0.008438 seconds 
  Import took 0.010372 seconds .

========================================================================
Received Import Request.
  Time since last request: 3.359435 seconds.
  path: Assets/Materials
  artifactKey: Guid(8b6f2b8bbf4074b8aaaa6ad7fa453db6) Importer(815301076,1909f56bfc062723c751e8b465ee728b)
Start importing Assets/Materials using Guid(8b6f2b8bbf4074b8aaaa6ad7fa453db6) Importer(815301076,1909f56bfc062723c751e8b465ee728b)  -> (artifact id: '6c96c5babaa4364185ed47452bef00a6') in 0.003145 seconds 
  Import took 0.005280 seconds .

========================================================================
Received Import Request.
  Time since last request: 35.430149 seconds.
  path: Assets/Materials/Black.mat
  artifactKey: Guid(912b06898477a4aba914e61e3642853c) Importer(815301076,1909f56bfc062723c751e8b465ee728b)
Start importing Assets/Materials/Black.mat using Guid(912b06898477a4aba914e61e3642853c) Importer(815301076,1909f56bfc062723c751e8b465ee728b)  -> (artifact id: 'cb015765a452b5d42728529634dc1907') in 1.211134 seconds 
  Import took 1.213968 seconds .

========================================================================
Received Import Request.
  Time since last request: 331.243994 seconds.
  path: Assets/Materials/Orange.mat
  artifactKey: Guid(271bc5db20f8d42f08bcbf59725622fa) Importer(815301076,1909f56bfc062723c751e8b465ee728b)
Start importing Assets/Materials/Orange.mat using Guid(271bc5db20f8d42f08bcbf59725622fa) Importer(815301076,1909f56bfc062723c751e8b465ee728b)  -> (artifact id: '69c499c4a50a08ee0f1c03054950c99c') in 0.014544 seconds 
  Import took 0.017102 seconds .

========================================================================
Received Import Request.
  Time since last request: 158.666429 seconds.
  path: Assets/Materials/Black.mat
  artifactKey: Guid(912b06898477a4aba914e61e3642853c) Importer(815301076,1909f56bfc062723c751e8b465ee728b)
Start importing Assets/Materials/Black.mat using Guid(912b06898477a4aba914e61e3642853c) Importer(815301076,1909f56bfc062723c751e8b465ee728b)  -> (artifact id: '7c0dfcae977cc1fe56905ce884f10227') in 0.016150 seconds 
  Import took 0.018940 seconds .

========================================================================
Received Import Request.
  Time since last request: 0.000262 seconds.
  path: Assets/Materials/Orange.mat
  artifactKey: Guid(271bc5db20f8d42f08bcbf59725622fa) Importer(815301076,1909f56bfc062723c751e8b465ee728b)
Start importing Assets/Materials/Orange.mat using Guid(271bc5db20f8d42f08bcbf59725622fa) Importer(815301076,1909f56bfc062723c751e8b465ee728b)  -> (artifact id: '81a3e9f7085aa32073a0b050d8d37872') in 0.012310 seconds 
  Import took 0.014383 seconds .

========================================================================
Received Import Request.
  Time since last request: 53.986317 seconds.
  path: Assets/Materials/Green.mat
  artifactKey: Guid(c0912bc7d886445699974b7d81bde42b) Importer(815301076,1909f56bfc062723c751e8b465ee728b)
Start importing Assets/Materials/Green.mat using Guid(c0912bc7d886445699974b7d81bde42b) Importer(815301076,1909f56bfc062723c751e8b465ee728b)  -> (artifact id: '4d6d29a892afc6419c5a3d77a1e6e9d0') in 0.012972 seconds 
  Import took 0.015330 seconds .

========================================================================
Received Import Request.
  Time since last request: 95.968102 seconds.
  path: Assets/Materials/Yellow.mat
  artifactKey: Guid(ca18e4472e3394952b7cfd11f631c5e4) Importer(815301076,1909f56bfc062723c751e8b465ee728b)
Start importing Assets/Materials/Yellow.mat using Guid(ca18e4472e3394952b7cfd11f631c5e4) Importer(815301076,1909f56bfc062723c751e8b465ee728b)  -> (artifact id: '8105e142524f6f0a989e3e47981cac43') in 0.013342 seconds 
  Import took 0.015702 seconds .

========================================================================
Received Import Request.
  Time since last request: 159.857275 seconds.
  path: Assets/Materials/Red.mat
  artifactKey: Guid(20659e6b6f6684e41a7d8b6f728f5cb3) Importer(815301076,1909f56bfc062723c751e8b465ee728b)
Start importing Assets/Materials/Red.mat using Guid(20659e6b6f6684e41a7d8b6f728f5cb3) Importer(815301076,1909f56bfc062723c751e8b465ee728b)  -> (artifact id: '4d5a601c9fa023c4482eccaeda52c46b') in 0.013069 seconds 
  Import took 0.015424 seconds .

========================================================================
Received Import Request.
  Time since last request: 87.937319 seconds.
  path: Assets/Materials/Blue.mat
  artifactKey: Guid(4bdb52bb70c3c4b42bbcd2302b19e107) Importer(815301076,1909f56bfc062723c751e8b465ee728b)
Start importing Assets/Materials/Blue.mat using Guid(4bdb52bb70c3c4b42bbcd2302b19e107) Importer(815301076,1909f56bfc062723c751e8b465ee728b)  -> (artifact id: 'a962af0a18c50f747a2f154104868c50') in 0.012685 seconds 
  Import took 0.015069 seconds .

========================================================================
Received Import Request.
  Time since last request: 32.495686 seconds.
  path: Assets/Materials/White.mat
  artifactKey: Guid(afc17ffefff9541debe509cf40f77021) Importer(815301076,1909f56bfc062723c751e8b465ee728b)
Start importing Assets/Materials/White.mat using Guid(afc17ffefff9541debe509cf40f77021) Importer(815301076,1909f56bfc062723c751e8b465ee728b)  -> (artifact id: 'b721d51eaf75dd247d78d604c97eb2b4') in 0.014926 seconds 
  Import took 0.017334 seconds .

========================================================================
Received Import Request.
  Time since last request: 140.303330 seconds.
  path: Assets/Prefabs
  artifactKey: Guid(35a0d4b3468854c04b37e35a2e7bc0b0) Importer(815301076,1909f56bfc062723c751e8b465ee728b)
Start importing Assets/Prefabs using Guid(35a0d4b3468854c04b37e35a2e7bc0b0) Importer(815301076,1909f56bfc062723c751e8b465ee728b)  -> (artifact id: '848f7574a3581a0958f495c2ca301ba6') in 0.002264 seconds 
  Import took 0.004536 seconds .

========================================================================
Received Import Request.
  Time since last request: 4.900795 seconds.
  path: Assets/Prefabs/Block.prefab
  artifactKey: Guid(c187a7831e03e4d0a8613a6a6b19753d) Importer(815301076,1909f56bfc062723c751e8b465ee728b)
Start importing Assets/Prefabs/Block.prefab using Guid(c187a7831e03e4d0a8613a6a6b19753d) Importer(815301076,1909f56bfc062723c751e8b465ee728b)  -> (artifact id: '85dda4a6a35f9c70a6c90c3ec9ea0c59') in 0.642607 seconds 
  Import took 0.645253 seconds .

